2025-06-11 22:42:31:[INFO]setting_menu():LOG:log.log
2025-06-11 22:42:31:[INFO]setting_menu():进入设置菜单
2025-06-11 22:42:40:[INFO]main_menu():进入主菜单
2025-06-11 22:42:41:[INFO]borrow_menu():进入借书菜单
2025-06-11 22:42:41:[INFO]login():尝试登录
2025-06-11 22:42:49:[INFO]login:登录成功
2025-06-11 22:42:49:[INFO]Userlist_element():调用用户对象：Admin
2025-06-11 22:42:49:[INFO]Booklist_briefinfo():尝试读取图书数据
2025-06-11 22:42:53:[INFO]Userlist_element():调用用户对象：Admin
2025-06-11 22:42:53:[INFO]Userlist_element():调用用户对象：Admin
2025-06-11 22:42:53:[INFO]borrow_menu():书籍A由Admin借出1本
2025-06-11 22:42:53:[INFO]Userlist_element():调用用户对象：Admin
2025-06-11 22:42:53:[INFO]Booklist_save():保存图书数据
2025-06-11 22:42:53:[INFO]f_write():成功覆盖写入文件：book.csv
2025-06-11 22:42:53:[INFO]Userlist_save():保存用户数据
2025-06-11 22:42:53:[INFO]f_write():成功覆盖写入文件：user.csv
2025-06-11 22:42:58:[INFO]main_menu():进入主菜单
2025-06-11 22:43:00:[INFO]serach_menu():进入查书菜单
2025-06-11 22:43:02:[INFO]search_book_by_title():按书名查书
2025-06-11 22:43:02:[INFO]search_book_by_title():按书名查书成功
2025-06-11 22:43:03:[INFO]serach_menu():进入查书菜单
2025-06-11 22:43:05:[INFO]main_menu():进入主菜单
2025-06-11 22:43:06:[INFO]manage_user_menu():进入用户管理菜单
2025-06-11 22:43:06:[INFO]login():尝试登录
2025-06-11 22:43:08:[INFO]login:登录成功
2025-06-11 22:43:08:[INFO]Userlist_element():调用用户对象：Admin
2025-06-11 22:43:09:[INFO]query_user():查询所有用户信息
2025-06-11 22:43:09:[INFO]Userlist_info():尝试读取用户数据
2025-06-11 22:43:11:[INFO]main_menu():进入主菜单
2025-06-11 22:43:13:[INFO]setting_menu():进入设置菜单
2025-06-11 22:43:14:[INFO]main_menu():进入主菜单
2025-06-11 22:43:16:[INFO]report_book_menu():进入图书报损菜单
2025-06-11 22:43:22:[INFO]report_fix():进入受损报告菜单
2025-06-11 22:43:22:[INFO]Userlist_element_id():调用用户对象：0
2025-06-11 22:43:23:[INFO]main_menu():进入主菜单
2025-06-11 22:43:28:[INFO]setting_menu():进入设置菜单
2025-06-11 22:43:49:[INFO]main_menu():进入主菜单
2025-06-11 22:43:51:[INFO]borrow_menu():进入借书菜单
2025-06-11 22:43:51:[INFO]login():尝试登录
2025-06-11 22:43:52:[FAIL]Userlist_search():无法找到指定用户,key:ASD
2025-06-11 22:43:52:[FAIL]login:登录失败
2025-06-11 22:43:52:[INFO]main_menu():进入主菜单
2025-06-11 22:43:55:[INFO]return_menu():进入还书菜单
2025-06-11 22:43:56:[ERROR]return_menu():尝试归还一本不存在的书，退出还书菜单
2025-06-11 22:43:57:[INFO]main_menu():进入主菜单
2025-06-11 22:44:02:[INFO]manage_user_menu():进入用户管理菜单
2025-06-11 22:44:02:[INFO]login():尝试登录
2025-06-11 22:44:03:[FAIL]Userlist_search():无法找到指定用户,key:ADmin
2025-06-11 22:44:03:[FAIL]login:登录失败
2025-06-11 22:44:04:[INFO]main_menu():进入主菜单
2025-06-11 22:44:06:[INFO]report_book_menu():进入图书报损菜单
2025-06-11 22:44:08:[INFO]report_fix():进入受损报告菜单
2025-06-11 22:44:08:[INFO]Userlist_element_id():调用用户对象：0
2025-06-11 22:44:08:[INFO]main_menu():进入主菜单
2025-06-11 22:44:10:[INFO]borrow_menu():进入借书菜单
2025-06-11 22:44:10:[INFO]login():尝试登录
2025-06-11 22:44:11:[FAIL]Userlist_search():无法找到指定用户,key:1
2025-06-11 22:44:11:[FAIL]login:登录失败
2025-06-11 22:44:12:[INFO]main_menu():进入主菜单
2025-06-11 22:44:13:[INFO]borrow_menu():进入借书菜单
2025-06-11 22:44:13:[INFO]login():尝试登录
2025-06-11 22:44:14:[FAIL]Userlist_search():无法找到指定用户,key:sadfas
2025-06-11 22:44:14:[FAIL]login:登录失败
2025-06-11 22:44:14:[INFO]main_menu():进入主菜单
2025-06-11 22:44:22:[INFO]Booklist_save():保存图书数据
2025-06-11 22:44:22:[INFO]f_write():成功覆盖写入文件：book.csv
2025-06-11 22:44:22:[INFO]Userlist_save():保存用户数据
2025-06-11 22:44:22:[INFO]f_write():成功覆盖写入文件：user.csv
2025-06-11 22:44:22:[INFO]程序默认结束
